[debug] [2018-07-29T00:05:46.026Z] ----------------------------------------------------------------------
[debug] [2018-07-29T00:05:46.028Z] Command:       /usr/local/bin/node /usr/local/bin/firebase deploy
[debug] [2018-07-29T00:05:46.028Z] CLI Version:   4.0.0
[debug] [2018-07-29T00:05:46.028Z] Platform:      darwin
[debug] [2018-07-29T00:05:46.028Z] Node Version:  v8.11.2
[debug] [2018-07-29T00:05:46.034Z] Time:          Sat Jul 28 2018 19:05:46 GMT-0500 (CDT)
[debug] [2018-07-29T00:05:46.034Z] ----------------------------------------------------------------------
[debug] 
[debug] [2018-07-29T00:05:46.046Z] > command requires scopes: ["email","openid","https://www.googleapis.com/auth/cloudplatformprojects.readonly","https://www.googleapis.com/auth/firebase","https://www.googleapis.com/auth/cloud-platform"]
[debug] [2018-07-29T00:05:46.046Z] > authorizing via signed-in user
[debug] [2018-07-29T00:05:46.048Z] > refreshing access token with scopes: ["email","https://www.googleapis.com/auth/cloud-platform","https://www.googleapis.com/auth/cloudplatformprojects.readonly","https://www.googleapis.com/auth/firebase","openid"]
[debug] [2018-07-29T00:05:46.049Z] >>> HTTP REQUEST POST https://www.googleapis.com/oauth2/v3/token  
 { refresh_token: '1/n6Gnk0tGKJme3rP50964QGtNpbOS9Naibasm16J55fA',
  client_id: '563584335869-fgrhgmd47bqnekij5i8b5pr03ho849e6.apps.googleusercontent.com',
  client_secret: 'j9iVZfS8kkCEFUPaAeJV0sAi',
  grant_type: 'refresh_token',
  scope: 'email https://www.googleapis.com/auth/cloud-platform https://www.googleapis.com/auth/cloudplatformprojects.readonly https://www.googleapis.com/auth/firebase openid' } 
 Sat Jul 28 2018 19:05:46 GMT-0500 (CDT)
[debug] [2018-07-29T00:05:47.732Z] <<< HTTP RESPONSE 200
[debug] [2018-07-29T00:05:47.742Z] >>> HTTP REQUEST GET https://admin.firebase.com/v1/projects/job-swipe-f5a94  
  
 Sat Jul 28 2018 19:05:47 GMT-0500 (CDT)
[debug] [2018-07-29T00:05:49.683Z] <<< HTTP RESPONSE 200
[debug] [2018-07-29T00:05:49.684Z] >>> HTTP REQUEST GET https://admin.firebase.com/v1/database/job-swipe-f5a94/tokens  
  
 Sat Jul 28 2018 19:05:49 GMT-0500 (CDT)
[debug] [2018-07-29T00:05:50.865Z] <<< HTTP RESPONSE 200
[info] 
[info] === Deploying to 'job-swipe-f5a94'...
[info] 
[info] i  deploying functions
[debug] [2018-07-29T00:05:56.797Z] > [functions] package.json contents: {
  "name": "functions",
  "description": "Cloud Functions for Firebase",
  "scripts": {
    "serve": "firebase serve --only functions",
    "shell": "firebase functions:shell",
    "start": "npm run shell",
    "deploy": "firebase deploy --only functions",
    "logs": "firebase functions:log"
  },
  "dependencies": {
    "firebase-admin": "~5.13.0",
    "firebase-functions": "^2.0.0",
    "twilio": "^3.0.0-rc.13"
  },
  "private": true
}
[info] i  functions: ensuring necessary APIs are enabled...
[debug] [2018-07-29T00:05:56.798Z] >>> HTTP REQUEST GET https://servicemanagement.googleapis.com/v1/services/cloudfunctions.googleapis.com/projectSettings/job-swipe-f5a94?view=CONSUMER_VIEW  
  
 Sat Jul 28 2018 19:05:56 GMT-0500 (CDT)
[debug] [2018-07-29T00:05:56.799Z] >>> HTTP REQUEST GET https://servicemanagement.googleapis.com/v1/services/runtimeconfig.googleapis.com/projectSettings/job-swipe-f5a94?view=CONSUMER_VIEW  
  
 Sat Jul 28 2018 19:05:56 GMT-0500 (CDT)
